Running in Lattice mode

Starting:    C:\lscc\diamond\3.12\synpbase\bin64\mbin\synbatch.exe
Install:     C:\lscc\diamond\3.12\synpbase
Hostname:    DESKTOP-7A8SQ4U
Date:        Mon Jul  3 01:31:39 2023
Version:     Q-2020.03L-SP1

Arguments:   -product synplify_pro -batch UnidadControl_UnidadControl_synplify.tcl
ProductType: synplify_pro




log file: "C:\Users\andre\Documents\University\Noveno Semestre\Arquitectura de computadoras\Procesador\UnidadDeControl\UnidadControl\UnidadControl_UnidadControl.srr"
Running: hdl_info_gen in foreground

Generating HDL info...
Copied C:\Users\andre\Documents\University\Noveno Semestre\Arquitectura de computadoras\Procesador\UnidadDeControl\UnidadControl\UnidadControl_UnidadControl.srr to C:\Users\andre\Documents\University\Noveno Semestre\Arquitectura de computadoras\Procesador\UnidadDeControl\UnidadControl\UnidadControl_UnidadControl.srf

hdl_info_gen completed
# Mon Jul  3 01:31:40 2023

Return Code: 0
Run Time:00h:00m:01s
log file: "C:\Users\andre\Documents\University\Noveno Semestre\Arquitectura de computadoras\Procesador\UnidadDeControl\UnidadControl\UnidadControl_UnidadControl.srr"
Running: UnidadControl in foreground

Running proj_1|UnidadControl

Running Flow: compile (Compile) on proj_1|UnidadControl
# Mon Jul  3 01:31:40 2023

Running Flow: compile_flow (Compile Process) on proj_1|UnidadControl
# Mon Jul  3 01:31:40 2023

Running: compiler (Compile Input) on proj_1|UnidadControl
# Mon Jul  3 01:31:40 2023
Copied C:\Users\andre\Documents\University\Noveno Semestre\Arquitectura de computadoras\Procesador\UnidadDeControl\UnidadControl\synwork\UnidadControl_UnidadControl_comp.srs to C:\Users\andre\Documents\University\Noveno Semestre\Arquitectura de computadoras\Procesador\UnidadDeControl\UnidadControl\UnidadControl_UnidadControl.srs

compiler completed
# Mon Jul  3 01:31:43 2023

Return Code: 0
Run Time:00h:00m:03s

Running: multi_srs_gen (Multi-srs Generator) on proj_1|UnidadControl
# Mon Jul  3 01:31:43 2023

multi_srs_gen completed
# Mon Jul  3 01:31:43 2023

Return Code: 0
Run Time:00h:00m:00s
Copied C:\Users\andre\Documents\University\Noveno Semestre\Arquitectura de computadoras\Procesador\UnidadDeControl\UnidadControl\synwork\UnidadControl_UnidadControl_mult.srs to C:\Users\andre\Documents\University\Noveno Semestre\Arquitectura de computadoras\Procesador\UnidadDeControl\UnidadControl\UnidadControl_UnidadControl.srs
Copied C:\Users\andre\Documents\University\Noveno Semestre\Arquitectura de computadoras\Procesador\UnidadDeControl\UnidadControl\UnidadControl_UnidadControl.srr to C:\Users\andre\Documents\University\Noveno Semestre\Arquitectura de computadoras\Procesador\UnidadDeControl\UnidadControl\UnidadControl_UnidadControl.srf
Complete: Compile Process on proj_1|UnidadControl

Running: premap (Premap) on proj_1|UnidadControl
# Mon Jul  3 01:31:43 2023

premap completed with warnings
# Mon Jul  3 01:31:46 2023

Return Code: 1
Run Time:00h:00m:03s
Complete: Compile on proj_1|UnidadControl

Running Flow: map (Map) on proj_1|UnidadControl
# Mon Jul  3 01:31:46 2023

Running: fpga_mapper (Map & Optimize) on proj_1|UnidadControl
# Mon Jul  3 01:31:46 2023
Copied C:\Users\andre\Documents\University\Noveno Semestre\Arquitectura de computadoras\Procesador\UnidadDeControl\UnidadControl\synwork\UnidadControl_UnidadControl_m.srm to C:\Users\andre\Documents\University\Noveno Semestre\Arquitectura de computadoras\Procesador\UnidadDeControl\UnidadControl\UnidadControl_UnidadControl.srm

fpga_mapper completed with warnings
# Mon Jul  3 01:31:49 2023

Return Code: 1
Run Time:00h:00m:03s
Complete: Map on proj_1|UnidadControl
Copied C:\Users\andre\Documents\University\Noveno Semestre\Arquitectura de computadoras\Procesador\UnidadDeControl\UnidadControl\UnidadControl_UnidadControl.srr to C:\Users\andre\Documents\University\Noveno Semestre\Arquitectura de computadoras\Procesador\UnidadDeControl\UnidadControl\UnidadControl_UnidadControl.srf
Complete: Logic Synthesis on proj_1|UnidadControl
TCL script complete: "UnidadControl_UnidadControl_synplify.tcl"
exit status=0
exit status=0
Save changes for project:
C:\Users\andre\Documents\University\Noveno Semestre\Arquitectura de computadoras\Procesador\UnidadDeControl\UnidadControl\proj_1.prj
batch mode default:no
