
Copyright (C) 1994-2020 Synopsys, Inc.
This Synopsys software and all associated documentation are proprietary to Synopsys, Inc.
and may only be used pursuant to the terms and conditions of a written license agreement
with Synopsys, Inc. All other use, reproduction, modification, or distribution of the
Synopsys software or the associated documentation is strictly prohibited.
Tool: Synplify Pro (R)
Build: Q-2020.03L-SP1
Install: C:\lscc\diamond\3.12\synpbase
OS: Windows 6.2

Hostname: DESKTOP-7A8SQ4U

Implementation : MD
Synopsys HDL compiler and linker, Version comp202003synp2, Build 182R, Built Oct 29 2020 10:49:53, @

Modified Files: 1
FID:  path (prevtimestamp, timestamp)
11       C:\Users\andre\Documents\University\Noveno Semestre\Arquitectura de computadoras\Procesador\Memoria_Datos\TestBench.vhd (N/A, 2023-06-22 14:01:17)

*******************************************************************
Modules that may have changed as a result of file changes: 2
MID:  lib.cell.view
0        work.memoriadatos.memoriadatos0 may have changed because the following files changed:
                        C:\Users\andre\Documents\University\Noveno Semestre\Arquitectura de computadoras\Procesador\Memoria_Datos\TestBench.vhd (N/A, 2023-06-22 14:01:17) <-- (may instantiate this module)
2        work.testbench.testbench0 may have changed because the following files changed:
                        C:\Users\andre\Documents\University\Noveno Semestre\Arquitectura de computadoras\Procesador\Memoria_Datos\TestBench.vhd (N/A, 2023-06-22 14:01:17) <-- (architecture and entity definition)

*******************************************************************
Unmodified files: 11
FID:  path (timestamp)
0        C:\Users\andre\Documents\University\Noveno Semestre\Arquitectura de computadoras\Procesador\Memoria_Datos\MemoriaDatos.vhd (2023-06-20 15:47:20)
1        C:\lscc\diamond\3.12\cae_library\synthesis\vhdl\machxo2.vhd (2018-11-15 00:32:12)
2        C:\lscc\diamond\3.12\synpbase\lib\vhd\arith.vhd (2020-10-29 10:23:10)
3        C:\lscc\diamond\3.12\synpbase\lib\vhd\hyperents.vhd (2020-10-29 10:23:10)
4        C:\lscc\diamond\3.12\synpbase\lib\vhd\location.map (2020-11-02 17:26:20)
5        C:\lscc\diamond\3.12\synpbase\lib\vhd\numeric.vhd (2020-10-29 10:23:10)
6        C:\lscc\diamond\3.12\synpbase\lib\vhd\snps_haps_pkg.vhd (2020-10-29 10:23:10)
7        C:\lscc\diamond\3.12\synpbase\lib\vhd\std.vhd (2020-10-29 10:23:10)
8        C:\lscc\diamond\3.12\synpbase\lib\vhd\std1164.vhd (2020-10-29 10:23:10)
9        C:\lscc\diamond\3.12\synpbase\lib\vhd\umr_capim.vhd (2020-10-29 10:23:10)
10       C:\lscc\diamond\3.12\synpbase\lib\vhd\unsigned.vhd (2020-10-29 10:23:10)

*******************************************************************
Unchanged modules: 0
MID:  lib.cell.view
