Running in Lattice mode

Starting:    C:\lscc\diamond\3.12\synpbase\bin64\mbin\synbatch.exe
Install:     C:\lscc\diamond\3.12\synpbase
Hostname:    DESKTOP-7A8SQ4U
Date:        Thu Jun 22 14:01:18 2023
Version:     Q-2020.03L-SP1

Arguments:   -product synplify_pro -batch MD_MD_synplify.tcl
ProductType: synplify_pro




log file: "C:\Users\andre\Documents\University\Noveno Semestre\Arquitectura de computadoras\Procesador\Memoria_Datos\MD\MD_MD.srr"
Running: hdl_info_gen in foreground

Generating HDL info...
Copied C:\Users\andre\Documents\University\Noveno Semestre\Arquitectura de computadoras\Procesador\Memoria_Datos\MD\MD_MD.srr to C:\Users\andre\Documents\University\Noveno Semestre\Arquitectura de computadoras\Procesador\Memoria_Datos\MD\MD_MD.srf

hdl_info_gen completed
# Thu Jun 22 14:01:18 2023

Return Code: 0
Run Time:00h:00m:00s
log file: "C:\Users\andre\Documents\University\Noveno Semestre\Arquitectura de computadoras\Procesador\Memoria_Datos\MD\MD_MD.srr"
Running: MD in foreground

Running proj_1|MD

Running Flow: compile (Compile) on proj_1|MD
# Thu Jun 22 14:01:19 2023

Running Flow: compile_flow (Compile Process) on proj_1|MD
# Thu Jun 22 14:01:19 2023

Running: compiler (Compile Input) on proj_1|MD
# Thu Jun 22 14:01:19 2023
Copied C:\Users\andre\Documents\University\Noveno Semestre\Arquitectura de computadoras\Procesador\Memoria_Datos\MD\synwork\MD_MD_comp.srs to C:\Users\andre\Documents\University\Noveno Semestre\Arquitectura de computadoras\Procesador\Memoria_Datos\MD\MD_MD.srs

compiler completed
# Thu Jun 22 14:01:21 2023

Return Code: 0
Run Time:00h:00m:02s

Running: multi_srs_gen (Multi-srs Generator) on proj_1|MD
# Thu Jun 22 14:01:21 2023

multi_srs_gen completed
# Thu Jun 22 14:01:21 2023

Return Code: 0
Run Time:00h:00m:00s
Copied C:\Users\andre\Documents\University\Noveno Semestre\Arquitectura de computadoras\Procesador\Memoria_Datos\MD\synwork\MD_MD_mult.srs to C:\Users\andre\Documents\University\Noveno Semestre\Arquitectura de computadoras\Procesador\Memoria_Datos\MD\MD_MD.srs
Copied C:\Users\andre\Documents\University\Noveno Semestre\Arquitectura de computadoras\Procesador\Memoria_Datos\MD\MD_MD.srr to C:\Users\andre\Documents\University\Noveno Semestre\Arquitectura de computadoras\Procesador\Memoria_Datos\MD\MD_MD.srf
Complete: Compile Process on proj_1|MD

Running: premap (Premap) on proj_1|MD
# Thu Jun 22 14:01:21 2023

premap completed with warnings
# Thu Jun 22 14:01:23 2023

Return Code: 1
Run Time:00h:00m:02s
Complete: Compile on proj_1|MD

Running Flow: map (Map) on proj_1|MD
# Thu Jun 22 14:01:23 2023

Running: fpga_mapper (Map & Optimize) on proj_1|MD
# Thu Jun 22 14:01:23 2023
Copied C:\Users\andre\Documents\University\Noveno Semestre\Arquitectura de computadoras\Procesador\Memoria_Datos\MD\synwork\MD_MD_m.srm to C:\Users\andre\Documents\University\Noveno Semestre\Arquitectura de computadoras\Procesador\Memoria_Datos\MD\MD_MD.srm

fpga_mapper completed with warnings
# Thu Jun 22 14:01:26 2023

Return Code: 1
Run Time:00h:00m:03s
Complete: Map on proj_1|MD
Copied C:\Users\andre\Documents\University\Noveno Semestre\Arquitectura de computadoras\Procesador\Memoria_Datos\MD\MD_MD.srr to C:\Users\andre\Documents\University\Noveno Semestre\Arquitectura de computadoras\Procesador\Memoria_Datos\MD\MD_MD.srf
Complete: Logic Synthesis on proj_1|MD
TCL script complete: "MD_MD_synplify.tcl"
exit status=0
exit status=0
Save changes for project:
C:\Users\andre\Documents\University\Noveno Semestre\Arquitectura de computadoras\Procesador\Memoria_Datos\MD\proj_1.prj
batch mode default:no
