
            Lattice Mapping Report File for Design Module 'ALU00'


Design Information
------------------

Command line:   map -a MachXO2 -p LCMXO2-7000HE -t TQFP144 -s 5 -oc Commercial
     ALU_ALU.ngd -o ALU_ALU_map.ncd -pr ALU_ALU.prf -mp ALU_ALU.mrp -lpf C:/User
     s/morco/OneDrive/Desktop/ProyectosArqui/ALU/ALU/ALU_ALU_synplify.lpf -lpf
     C:/Users/morco/OneDrive/Desktop/ProyectosArqui/ALU/ALU.lpf -c 0 -gui
     -msgset C:/Users/morco/OneDrive/Desktop/ProyectosArqui/ALU/promote.xml 
Target Vendor:  LATTICE
Target Device:  LCMXO2-7000HETQFP144
Target Performance:   5
Mapper:  xo2c00,  version:  Diamond (64-bit) 3.12.0.240.2
Mapped on:  04/26/23  11:19:53

Design Summary
--------------

   Number of registers:      0 out of  7209 (0%)
      PFU registers:            0 out of  6864 (0%)
      PIO registers:            0 out of   345 (0%)
   Number of SLICEs:        71 out of  3432 (2%)
      SLICEs as Logic/ROM:     71 out of  3432 (2%)
      SLICEs as RAM:            0 out of  2574 (0%)
      SLICEs as Carry:         13 out of  3432 (0%)
   Number of LUT4s:        142 out of  6864 (2%)
      Number used as logic LUTs:        116
      Number used as distributed RAM:     0
      Number used as ripple logic:       26
      Number used as shift registers:     0
   Number of PIO sites used: 34 + 4(JTAG) out of 115 (33%)
   Number of block RAMs:  0 out of 26 (0%)
   Number of GSRs:        0 out of 1 (0%)
   EFB used :        No
   JTAG used :       No
   Readback used :   No
   Oscillator used : No
   Startup used :    No
   POR :             On
   Bandgap :         On
   Number of Power Controller:  0 out of 1 (0%)
   Number of Dynamic Bank Controller (BCINRD):  0 out of 6 (0%)
   Number of Dynamic Bank Controller (BCLVDSO):  0 out of 1 (0%)
   Number of DCCA:  0 out of 8 (0%)
   Number of DCMA:  0 out of 2 (0%)
   Number of PLLs:  0 out of 2 (0%)
   Number of DQSDLLs:  0 out of 2 (0%)
   Number of CLKDIVC:  0 out of 4 (0%)
   Number of ECLKSYNCA:  0 out of 4 (0%)
   Number of ECLKBRIDGECS:  0 out of 2 (0%)
   Notes:-
      1. Total number of LUT4s = (Number of logic LUT4s) + 2*(Number of
     distributed RAMs) + 2*(Number of ripple logic)
      2. Number of logic LUT4s does not include count of distributed RAM and
     ripple logic.
   Number of clocks:  0
   Number of Clock Enables:  0
   Number of LSRs:  0
   Number of nets driven by tri-state buffers:  0

                                    Page 1




Design:  ALU00                                         Date:  04/26/23  11:19:53

Design Summary (cont)
---------------------
   Top 10 highest fanout non-clock nets:
     Net C1_c[3]: 46 loads
     Net C1_c[0]: 32 loads
     Net A_c[0]: 20 loads
     Net B_c[3]: 19 loads
     Net A_c[2]: 18 loads
     Net A_c[3]: 18 loads
     Net B_c[0]: 18 loads
     Net B_c[2]: 18 loads
     Net C1_c[1]: 16 loads
     Net C2_c: 15 loads




   Number of warnings:  0
   Number of errors:    0
     

Design Errors/Warnings
----------------------

   No errors or warnings present.

IO (PIO) Attributes
-------------------

+---------------------+-----------+-----------+------------+
| IO Name             | Direction | Levelmode | IO         |
|                     |           |  IO_TYPE  | Register   |
+---------------------+-----------+-----------+------------+
| S[0]                | OUTPUT    | LVCMOS25  |            |
+---------------------+-----------+-----------+------------+
| A[0]                | INPUT     | LVCMOS25  |            |
+---------------------+-----------+-----------+------------+
| LEDS                | OUTPUT    | LVCMOS25  |            |
+---------------------+-----------+-----------+------------+
| LEDP                | OUTPUT    | LVCMOS25  |            |
+---------------------+-----------+-----------+------------+
| LEDE2               | OUTPUT    | LVCMOS25  |            |
+---------------------+-----------+-----------+------------+
| LEDE1               | OUTPUT    | LVCMOS25  |            |
+---------------------+-----------+-----------+------------+
| LEDZ                | OUTPUT    | LVCMOS25  |            |
+---------------------+-----------+-----------+------------+
| S[7]                | OUTPUT    | LVCMOS25  |            |
+---------------------+-----------+-----------+------------+
| S[6]                | OUTPUT    | LVCMOS25  |            |
+---------------------+-----------+-----------+------------+
| S[5]                | OUTPUT    | LVCMOS25  |            |
+---------------------+-----------+-----------+------------+
| S[4]                | OUTPUT    | LVCMOS25  |            |
+---------------------+-----------+-----------+------------+
| S[3]                | OUTPUT    | LVCMOS25  |            |
+---------------------+-----------+-----------+------------+
| S[2]                | OUTPUT    | LVCMOS25  |            |

                                    Page 2




Design:  ALU00                                         Date:  04/26/23  11:19:53

IO (PIO) Attributes (cont)
--------------------------
+---------------------+-----------+-----------+------------+
| S[1]                | OUTPUT    | LVCMOS25  |            |
+---------------------+-----------+-----------+------------+
| C2                  | INPUT     | LVCMOS25  |            |
+---------------------+-----------+-----------+------------+
| C1[3]               | INPUT     | LVCMOS25  |            |
+---------------------+-----------+-----------+------------+
| C1[2]               | INPUT     | LVCMOS25  |            |
+---------------------+-----------+-----------+------------+
| C1[1]               | INPUT     | LVCMOS25  |            |
+---------------------+-----------+-----------+------------+
| C1[0]               | INPUT     | LVCMOS25  |            |
+---------------------+-----------+-----------+------------+
| B[7]                | INPUT     | LVCMOS25  |            |
+---------------------+-----------+-----------+------------+
| B[6]                | INPUT     | LVCMOS25  |            |
+---------------------+-----------+-----------+------------+
| B[5]                | INPUT     | LVCMOS25  |            |
+---------------------+-----------+-----------+------------+
| B[4]                | INPUT     | LVCMOS25  |            |
+---------------------+-----------+-----------+------------+
| B[3]                | INPUT     | LVCMOS25  |            |
+---------------------+-----------+-----------+------------+
| B[2]                | INPUT     | LVCMOS25  |            |
+---------------------+-----------+-----------+------------+
| B[1]                | INPUT     | LVCMOS25  |            |
+---------------------+-----------+-----------+------------+
| B[0]                | INPUT     | LVCMOS25  |            |
+---------------------+-----------+-----------+------------+
| A[7]                | INPUT     | LVCMOS25  |            |
+---------------------+-----------+-----------+------------+
| A[6]                | INPUT     | LVCMOS25  |            |
+---------------------+-----------+-----------+------------+
| A[5]                | INPUT     | LVCMOS25  |            |
+---------------------+-----------+-----------+------------+
| A[4]                | INPUT     | LVCMOS25  |            |
+---------------------+-----------+-----------+------------+
| A[3]                | INPUT     | LVCMOS25  |            |
+---------------------+-----------+-----------+------------+
| A[2]                | INPUT     | LVCMOS25  |            |
+---------------------+-----------+-----------+------------+
| A[1]                | INPUT     | LVCMOS25  |            |
+---------------------+-----------+-----------+------------+

Removed logic
-------------

Block VCC undriven or does not drive anything - clipped.
Block GSR_INST undriven or does not drive anything - clipped.
Block ALU0/FA_0/HA_0/GND undriven or does not drive anything - clipped.
Block ALU0/FA_1/GND undriven or does not drive anything - clipped.
Block ALU0/FA_1/HA_0/GND undriven or does not drive anything - clipped.
Block ALU0/FA_2/HA_0/GND undriven or does not drive anything - clipped.
Block ALU0/FA_3/HA_0/GND undriven or does not drive anything - clipped.
Block ALU0/FA_4/HA_0/GND undriven or does not drive anything - clipped.
Block ALU0/FA_5/GND undriven or does not drive anything - clipped.

                                    Page 3




Design:  ALU00                                         Date:  04/26/23  11:19:53

Removed logic (cont)
--------------------
Block ALU0/FA_6/GND undriven or does not drive anything - clipped.
Block ALU1/GND undriven or does not drive anything - clipped.
Block ALU1/A08/GND undriven or does not drive anything - clipped.
Block ALU2/GND undriven or does not drive anything - clipped.
Block ALU2/FA1/FA4/HA_1/GND undriven or does not drive anything - clipped.
Block ALU2/FA2/FA1/HA_0/GND undriven or does not drive anything - clipped.
Block ALU2/FA2/FA3/HA_0/GND undriven or does not drive anything - clipped.
Block ALU2/FA3/FA1/HA_0/GND undriven or does not drive anything - clipped.
Block ALU2/FA3/FA4/HA_1/GND undriven or does not drive anything - clipped.
Block ALU5/GND undriven or does not drive anything - clipped.
Signal GND undriven or does not drive anything - clipped.
Signal VCC undriven or does not drive anything - clipped.
Signal y1_cry_1_0_S1 undriven or does not drive anything - clipped.
Signal y1_cry_1_0_S0 undriven or does not drive anything - clipped.
Signal y1_cry_3_0_S1 undriven or does not drive anything - clipped.
Signal y1_cry_3_0_S0 undriven or does not drive anything - clipped.
Signal y1_cry_5_0_S1 undriven or does not drive anything - clipped.
Signal y1_cry_5_0_S0 undriven or does not drive anything - clipped.
Signal y1_cry_7_0_S0 undriven or does not drive anything - clipped.
Signal y1_cry_7_0_COUT undriven or does not drive anything - clipped.
Signal y0_cry_0_0_S1 undriven or does not drive anything - clipped.
Signal y0_cry_0_0_S0 undriven or does not drive anything - clipped.
Signal N_2 undriven or does not drive anything - clipped.
Signal y0_cry_1_0_S1 undriven or does not drive anything - clipped.
Signal y0_cry_1_0_S0 undriven or does not drive anything - clipped.
Signal y0_cry_3_0_S1 undriven or does not drive anything - clipped.
Signal y0_cry_3_0_S0 undriven or does not drive anything - clipped.
Signal y0_cry_5_0_S1 undriven or does not drive anything - clipped.
Signal y0_cry_5_0_S0 undriven or does not drive anything - clipped.
Signal y0_cry_7_0_S0 undriven or does not drive anything - clipped.
Signal y0_cry_7_0_COUT undriven or does not drive anything - clipped.
Signal y2_0_I_1_0_S1 undriven or does not drive anything - clipped.
Signal y2_0_I_1_0_S0 undriven or does not drive anything - clipped.
Signal N_3 undriven or does not drive anything - clipped.
Signal y2_0_I_9_0_S1 undriven or does not drive anything - clipped.
Signal y2_0_I_9_0_S0 undriven or does not drive anything - clipped.
Signal y2_0_I_21_0_S0 undriven or does not drive anything - clipped.
Signal y2_0_I_21_0_COUT undriven or does not drive anything - clipped.
Signal y1_cry_0_0_S1 undriven or does not drive anything - clipped.
Signal y1_cry_0_0_S0 undriven or does not drive anything - clipped.
Signal N_1 undriven or does not drive anything - clipped.
Block GND was optimized away.

     

Run Time and Memory Usage
-------------------------

   Total CPU Time: 0 secs  
   Total REAL Time: 0 secs  
   Peak Memory Usage: 59 MB
        





                                    Page 4


Copyright (c) 1991-1994 by NeoCAD Inc. All rights reserved.
     Copyright (c) 1995 AT&T Corp.   All rights reserved.
     Copyright (c) 1995-2001 Lucent Technologies Inc.  All rights reserved.
     Copyright (c) 2001 Agere Systems   All rights reserved.
     Copyright (c) 2002-2020 Lattice Semiconductor Corporation,  All rights
     reserved.
